<?xml version="1.0" encoding="UTF-8" standalone="no"?>
<!DOCTYPE log SYSTEM "logger.dtd">
<log>
<record>
  <date>2022-10-24T07:42:52.458-0300</date>
  <logger>JOAO PEDRO JUVINO DOS SANTOS</logger>
  <level>FINE</level>
  <message>File 121110319-JOAO PEDRO JUVINO DOS SANTOS.zip was received. It was sent by JOAO PEDRO JUVINO DOS SANTOS from IP 150.165.74.63 at 24-10-2022 07*42*52</message>
</record>
</log>
<?xml version="1.0" encoding="UTF-8" standalone="no"?>
<!DOCTYPE log SYSTEM "logger.dtd">
<log>
<record>
  <date>2022-10-27T18:57:46.644-0300</date>
  <logger>JOAO PEDRO JUVINO DOS SANTOS</logger>
  <level>FINE</level>
  <message>File 121110319-JOAO PEDRO JUVINO DOS SANTOS.zip was received. It was sent by JOAO PEDRO JUVINO DOS SANTOS from IP 192.168.1.103 at 27-10-2022 18*57*46</message>
</record>
</log>
<?xml version="1.0" encoding="UTF-8" standalone="no"?>
<!DOCTYPE log SYSTEM "logger.dtd">
<log>
<record>
  <date>2022-10-27T20:30:14.255-0300</date>
  <logger>JOAO PEDRO JUVINO DOS SANTOS</logger>
  <level>FINE</level>
  <message>File 121110319-JOAO PEDRO JUVINO DOS SANTOS.zip was received. It was sent by JOAO PEDRO JUVINO DOS SANTOS from IP 192.168.1.103 at 27-10-2022 20*30*14</message>
</record>
